2025-05-14 11:03:41,432 INFO AAPL E*TRADE price returned: 212.63999938964844
2025-05-14 11:03:42,023 INFO MSFT E*TRADE price returned: 452.260009765625
2025-05-14 11:03:42,529 INFO GOOGL E*TRADE price returned: 164.25999450683594
2025-05-14 11:03:43,032 INFO AMZN E*TRADE price returned: 210.9346923828125
2025-05-14 11:03:43,565 INFO META E*TRADE price returned: 657.0399780273438
2025-05-14 11:03:44,436 INFO TSLA E*TRADE price returned: 338.8800048828125
2025-05-14 11:03:45,227 INFO JPM E*TRADE price returned: 264.55999755859375
2025-05-14 11:03:45,865 INFO V E*TRADE price returned: 356.09490966796875
2025-05-14 11:03:46,918 INFO MA E*TRADE price returned: 573.405029296875
2025-05-14 11:03:47,446 INFO NVDA E*TRADE price returned: 133.35499572753906
2025-05-14 11:03:47,975 INFO HD E*TRADE price returned: 374.0318908691406
2025-05-14 11:03:48,519 INFO DIS E*TRADE price returned: 111.125
2025-05-14 11:03:49,114 INFO PYPL E*TRADE price returned: 72.80999755859375
2025-05-14 11:03:49,645 INFO BAC E*TRADE price returned: 44.460201263427734
2025-05-14 11:03:50,401 INFO ADBE E*TRADE price returned: 398.6700134277344
2025-05-14 11:03:51,127 INFO NFLX E*TRADE price returned: 1146.9749755859375
2025-05-14 11:03:53,177 INFO CSCO E*TRADE price returned: 61.41999816894531
2025-05-14 11:03:53,718 INFO CRM E*TRADE price returned: 294.2200012207031
2025-05-14 11:03:54,390 INFO WFC E*TRADE price returned: 76.13999938964844
2025-05-14 11:03:54,970 INFO ACN E*TRADE price returned: 319.125
2025-05-14 11:03:55,450 INFO CVX E*TRADE price returned: 141.2899932861328
2025-05-14 11:03:56,412 INFO AVGO E*TRADE price returned: 232.39999389648438
2025-05-14 11:03:57,645 INFO NKE E*TRADE price returned: 62.255001068115234
2025-05-14 11:03:58,976 INFO NEE E*TRADE price returned: 70.92500305175781
2025-05-14 11:03:59,495 INFO TXN E*TRADE price returned: 185.46499633789062
2025-05-14 11:03:59,969 INFO UNP E*TRADE price returned: 226.32000732421875
2025-05-14 11:04:00,745 INFO QCOM E*TRADE price returned: 151.73500061035156
2025-05-14 11:04:01,712 INFO HON E*TRADE price returned: 216.8249969482422
2025-05-14 11:04:02,225 INFO IBM E*TRADE price returned: 256.75
2025-05-14 11:04:02,818 INFO ORCL E*TRADE price returned: 161.99000549316406
2025-05-14 11:04:03,608 INFO UPS E*TRADE price returned: 99.65229797363281
2025-05-14 11:04:04,429 INFO LOW E*TRADE price returned: 229.86000061035156
2025-05-14 11:04:04,938 INFO SBUX E*TRADE price returned: 86.62999725341797
2025-05-14 11:04:05,482 INFO INTU E*TRADE price returned: 657.3900146484375
2025-05-14 11:04:07,287 INFO RTX E*TRADE price returned: 130.1199951171875
2025-05-14 11:04:08,099 INFO MMM E*TRADE price returned: 147.3699951171875
2025-05-14 11:04:08,624 INFO ISRG E*TRADE price returned: 560.9442749023438
2025-05-14 11:04:09,122 INFO GE E*TRADE price returned: 221.38999938964844
2025-05-14 11:04:09,872 INFO BLK E*TRADE price returned: 965.0
2025-05-14 11:04:10,296 INFO BA E*TRADE price returned: 206.14500427246094
2025-05-14 11:04:11,053 INFO CAT E*TRADE price returned: 349.3800048828125
2025-05-14 11:04:11,611 INFO NOW E*TRADE price returned: 1036.6199951171875
2025-05-14 11:04:12,248 INFO LRCX E*TRADE price returned: 84.75
2025-05-14 11:04:13,300 INFO ADI E*TRADE price returned: 224.53500366210938
2025-05-14 11:04:14,278 INFO TJX E*TRADE price returned: 130.8000030517578
2025-05-14 11:04:14,807 INFO AXP E*TRADE price returned: 300.7099914550781
2025-05-14 11:04:15,299 INFO EL E*TRADE price returned: 64.05000305175781
2025-05-14 11:04:16,116 INFO USB E*TRADE price returned: 44.150001525878906
2025-05-14 11:04:17,193 INFO C E*TRADE price returned: 75.33999633789062
2025-05-14 11:04:18,015 INFO DE E*TRADE price returned: 497.2200012207031
2025-05-14 11:04:18,551 INFO SCHW E*TRADE price returned: 86.11000061035156
2025-05-14 11:04:19,110 INFO GM E*TRADE price returned: 50.29999923706055
2025-05-14 11:04:19,957 INFO EW E*TRADE price returned: 76.16999816894531
2025-05-14 11:04:20,766 INFO PNC E*TRADE price returned: 177.0800018310547
2025-05-14 11:04:21,601 INFO BKNG E*TRADE price returned: 5233.8076171875
2025-05-14 11:04:23,978 INFO NSC E*TRADE price returned: 239.6750030517578
2025-05-14 11:04:25,202 INFO REGN E*TRADE price returned: 571.8099975585938
2025-05-14 11:04:25,811 INFO FDX E*TRADE price returned: 230.27999877929688
2025-05-14 11:04:26,969 INFO ETN E*TRADE price returned: 330.322509765625
2025-05-14 11:04:27,693 INFO TFC E*TRADE price returned: 41.25
2025-05-14 11:04:31,961 ERROR 
1 Failed download:
2025-05-14 11:04:31,961 ERROR ['FISV']: YFPricesMissingError('possibly delisted; no price data found  (period=5d) (Yahoo error = "No data found, symbol may be delisted")')
2025-05-14 11:04:32,468 INFO IDXX E*TRADE price returned: 508.44000244140625
2025-05-14 11:04:33,256 INFO HCA E*TRADE price returned: 366.94000244140625
2025-05-14 11:04:34,695 INFO EOG E*TRADE price returned: 115.22000122070312
2025-05-14 11:04:36,023 INFO CDNS E*TRADE price returned: 320.57000732421875
2025-05-14 11:04:36,564 INFO PSX E*TRADE price returned: 125.20500183105469
2025-05-14 11:04:38,050 INFO ADSK E*TRADE price returned: 295.5625
2025-05-14 11:04:38,538 INFO MS E*TRADE price returned: 130.10000610351562
2025-05-14 11:04:39,091 INFO MET E*TRADE price returned: 80.02999877929688
2025-05-14 11:04:39,585 INFO KLAC E*TRADE price returned: 793.6799926757812
2025-05-14 11:04:40,345 INFO ROST E*TRADE price returned: 149.27000427246094
2025-05-14 11:04:41,168 INFO CMI E*TRADE price returned: 332.05999755859375
2025-05-14 11:04:41,722 INFO F E*TRADE price returned: 10.625
2025-05-14 11:04:42,263 INFO TEL E*TRADE price returned: 161.7550048828125
2025-05-14 11:04:42,799 INFO PCAR E*TRADE price returned: 94.98999786376953
2025-05-14 11:04:43,578 INFO VLO E*TRADE price returned: 134.4600067138672
2025-05-14 11:04:45,075 INFO APH E*TRADE price returned: 85.58499908447266
2025-05-14 11:04:45,741 INFO ANET E*TRADE price returned: 97.68949890136719
2025-05-14 11:04:46,819 INFO WMB E*TRADE price returned: 58.06999969482422
2025-05-14 11:04:47,332 INFO HES E*TRADE price returned: 134.63999938964844
2025-05-14 11:04:47,894 INFO MCHP E*TRADE price returned: 60.61000061035156
2025-05-14 11:04:48,445 INFO MAR E*TRADE price returned: 273.739990234375
2025-05-14 11:04:48,969 INFO PRU E*TRADE price returned: 105.95999908447266
2025-05-14 11:04:51,126 INFO HLT E*TRADE price returned: 254.7899932861328
2025-05-14 11:04:52,118 INFO ALGN E*TRADE price returned: 186.5500030517578
2025-05-14 11:04:53,520 INFO HPQ E*TRADE price returned: 28.684999465942383
2025-05-14 11:04:54,076 INFO KEYS E*TRADE price returned: 164.78500366210938
2025-05-14 11:04:55,631 INFO TT E*TRADE price returned: 421.4849853515625
2025-05-14 11:04:56,356 INFO TTWO E*TRADE price returned: 228.22999572753906
2025-05-14 11:04:57,378 INFO AMP E*TRADE price returned: 522.9600219726562
2025-05-14 11:04:57,853 INFO STT E*TRADE price returned: 97.14990234375
2025-05-14 11:04:58,375 INFO DXCM E*TRADE price returned: 85.75
2025-05-14 11:04:59,096 INFO NTAP E*TRADE price returned: 99.9000015258789
2025-05-14 11:04:59,592 INFO WDC E*TRADE price returned: 49.290000915527344
2025-05-14 11:05:00,629 INFO CSX E*TRADE price returned: 30.649999618530273
2025-05-14 11:05:02,322 INFO LUV E*TRADE price returned: 32.099998474121094
2025-05-14 11:05:04,085 INFO DFS E*TRADE price returned: 201.77999877929688
2025-05-14 11:05:04,596 INFO RCL E*TRADE price returned: 251.32000732421875
2025-05-14 11:05:06,912 INFO MTD E*TRADE price returned: 1148.2900390625
2025-05-14 11:05:07,520 INFO EXPE E*TRADE price returned: 169.50999450683594
2025-05-14 11:05:08,427 INFO FITB E*TRADE price returned: 39.31999969482422
2025-05-14 11:05:09,251 INFO CDW E*TRADE price returned: 191.15499877929688
2025-05-14 11:05:11,917 ERROR 
1 Failed download:
2025-05-14 11:05:11,918 ERROR ['FLT']: YFPricesMissingError('possibly delisted; no price data found  (period=5d) (Yahoo error = "No data found, symbol may be delisted")')
2025-05-14 11:05:12,567 INFO INCY E*TRADE price returned: 60.279998779296875
2025-05-14 11:05:13,348 INFO A E*TRADE price returned: 112.16000366210938
2025-05-14 11:05:14,091 INFO MTB E*TRADE price returned: 184.9250030517578
2025-05-14 11:05:15,164 INFO AME E*TRADE price returned: 178.75
2025-05-14 11:05:17,827 ERROR 
1 Failed download:
2025-05-14 11:05:17,827 ERROR ['CTLT']: YFPricesMissingError('possibly delisted; no price data found  (period=5d) (Yahoo error = "No data found, symbol may be delisted")')
2025-05-14 11:05:18,867 INFO VFC E*TRADE price returned: 14.734999656677246
2025-05-14 11:05:21,260 ERROR 
1 Failed download:
2025-05-14 11:05:21,261 ERROR ['ABC']: YFPricesMissingError('possibly delisted; no price data found  (period=5d) (Yahoo error = "No data found, symbol may be delisted")')
2025-05-14 11:05:21,834 INFO PAYC E*TRADE price returned: 255.97000122070312
2025-05-14 11:05:23,683 ERROR 
1 Failed download:
2025-05-14 11:05:23,683 ERROR ['WRK']: YFPricesMissingError('possibly delisted; no price data found  (period=5d) (Yahoo error = "No data found, symbol may be delisted")')
2025-05-14 11:05:24,567 INFO CFG E*TRADE price returned: 41.5
2025-05-14 11:05:26,131 INFO DOV E*TRADE price returned: 184.67999267578125
2025-05-14 11:05:26,865 INFO LYB E*TRADE price returned: 59.099998474121094
2025-05-14 11:05:29,521 ERROR 
1 Failed download:
2025-05-14 11:05:29,521 ERROR ['PKI']: YFPricesMissingError('possibly delisted; no price data found  (period=5d) (Yahoo error = "No data found, symbol may be delisted")')
2025-05-14 11:05:30,314 INFO PKG E*TRADE price returned: 186.7100067138672
2025-05-14 11:05:30,874 INFO HWM E*TRADE price returned: 159.9199981689453
2025-05-14 11:05:36,541 INFO TER E*TRADE price returned: 84.69499969482422
2025-05-14 11:05:37,647 INFO NTRS E*TRADE price returned: 106.30000305175781
2025-05-14 11:05:38,186 INFO FANG E*TRADE price returned: 144.60000610351562
2025-05-14 11:05:38,734 INFO KEY E*TRADE price returned: 16.559999465942383
2025-05-14 11:05:39,496 INFO MPWR E*TRADE price returned: 733.0
2025-05-14 11:05:40,416 INFO RF E*TRADE price returned: 22.364999771118164
2025-05-14 11:05:41,225 INFO BKR E*TRADE price returned: 37.970001220703125
2025-05-14 11:05:41,753 INFO RJF E*TRADE price returned: 152.11000061035156
2025-05-14 11:05:42,280 INFO IP E*TRADE price returned: 48.18000030517578
2025-05-14 11:05:42,790 INFO COF E*TRADE price returned: 198.57000732421875
2025-05-14 11:05:44,147 INFO BALL E*TRADE price returned: 52.88999938964844
2025-05-14 11:05:44,680 INFO NDAQ E*TRADE price returned: 81.04000091552734
2025-05-14 11:05:45,196 INFO BXP E*TRADE price returned: 66.30000305175781
2025-05-14 11:05:48,765 ERROR 
1 Failed download:
2025-05-14 11:05:48,765 ERROR ['PEAK']: YFPricesMissingError('possibly delisted; no price data found  (period=5d) (Yahoo error = "No data found, symbol may be delisted")')
2025-05-14 11:05:49,874 INFO UHS E*TRADE price returned: 191.0
2025-05-14 11:05:50,336 INFO KMX E*TRADE price returned: 68.02999877929688
2025-05-14 11:05:50,773 INFO BEN E*TRADE price returned: 21.65999984741211
2025-05-14 11:05:51,230 INFO POOL E*TRADE price returned: 313.5249938964844
2025-05-14 11:05:53,277 ERROR 
1 Failed download:
2025-05-14 11:05:53,277 ERROR ['RE']: YFPricesMissingError('possibly delisted; no price data found  (period=5d) (Yahoo error = "No data found, symbol may be delisted")')
2025-05-14 11:05:53,823 INFO NVR E*TRADE price returned: 7357.2001953125
2025-05-14 11:05:54,477 INFO ULTA E*TRADE price returned: 415.6499938964844
2025-05-14 11:05:55,445 INFO NDSN E*TRADE price returned: 202.31500244140625
2025-05-14 11:05:56,118 INFO TRGP E*TRADE price returned: 168.7100067138672
2025-05-14 11:05:56,572 INFO BBY E*TRADE price returned: 73.4800033569336
2025-05-14 11:05:57,241 INFO WAB E*TRADE price returned: 202.9149932861328
2025-05-14 11:05:57,684 INFO CHRW E*TRADE price returned: 97.33999633789062
2025-05-14 11:05:58,154 INFO NWL E*TRADE price returned: 5.9096999168396
2025-05-14 11:05:58,605 INFO PWR E*TRADE price returned: 342.739990234375
2025-05-14 11:05:59,103 INFO HBAN E*TRADE price returned: 16.00079917907715
2025-05-14 11:05:59,914 INFO DRI E*TRADE price returned: 206.89999389648438
2025-05-14 11:06:02,001 INFO APA E*TRADE price returned: 18.329999923706055
2025-05-14 11:06:02,509 INFO SWK E*TRADE price returned: 71.61000061035156
2025-05-14 11:06:03,066 INFO JBHT E*TRADE price returned: 147.30999755859375
2025-05-14 11:06:03,757 INFO WHR E*TRADE price returned: 82.5999984741211
2025-05-14 11:06:04,310 INFO CMA E*TRADE price returned: 58.380001068115234
